<?xml version="1.0" encoding="UTF-8"?>
<testng-results ignored="0" total="2" passed="2" failed="0" skipped="0">
  <reporter-output>
  </reporter-output>
  <suite started-at="2025-04-30T01:42:24 BDT" name="Default suite" finished-at="2025-04-30T01:42:37 BDT" duration-ms="12279">
    <groups>
    </groups>
    <test started-at="2025-04-30T01:42:24 BDT" name="Default test" finished-at="2025-04-30T01:42:37 BDT" duration-ms="12279">
      <class name="finalclass1.testing_TestNG">
        <test-method is-config="true" signature="init()[pri:0, instance:finalclass1.testing_TestNG@682b2fa]" started-at="2025-04-30T01:42:24 BDT" name="init" finished-at="2025-04-30T01:42:35 BDT" duration-ms="10502" status="PASS">
          <reporter-output>
          </reporter-output>
        </test-method> <!-- init -->
        <test-method signature="TestURL()[pri:1, instance:finalclass1.testing_TestNG@682b2fa]" started-at="2025-04-30T01:42:35 BDT" name="TestURL" finished-at="2025-04-30T01:42:35 BDT" duration-ms="96" status="PASS">
          <reporter-output>
          </reporter-output>
        </test-method> <!-- TestURL -->
        <test-method signature="TestTitle()[pri:2, instance:finalclass1.testing_TestNG@682b2fa]" started-at="2025-04-30T01:42:35 BDT" name="TestTitle" finished-at="2025-04-30T01:42:35 BDT" duration-ms="31" status="PASS">
          <reporter-output>
          </reporter-output>
        </test-method> <!-- TestTitle -->
        <test-method is-config="true" signature="end()[pri:0, instance:finalclass1.testing_TestNG@682b2fa]" started-at="2025-04-30T01:42:35 BDT" name="end" finished-at="2025-04-30T01:42:37 BDT" duration-ms="1486" status="PASS">
          <reporter-output>
          </reporter-output>
        </test-method> <!-- end -->
      </class> <!-- finalclass1.testing_TestNG -->
    </test> <!-- Default test -->
  </suite> <!-- Default suite -->
</testng-results>
